<?xml version="1.0" encoding="UTF-8"?>
<!-- Generated by org.testng.reporters.JUnitReportReporter -->
<testsuite hostname="DESKTOP-Q1T02RD" failures="0" tests="2" name="testngAnnotation.NewTest" time="0.035" errors="0" timestamp="2022-06-12T16:34:30 IST" skipped="0">
  <testcase classname="testngAnnotation.NewTest" name="test2" time="0.020"/>
  <system-out>
    <![CDATA[Test case 2]]>
  </system-out>
  <testcase classname="testngAnnotation.NewTest" name="test1" time="0.015"/>
  <system-out>
    <![CDATA[Test case 1]]>
  </system-out>
</testsuite> <!-- testngAnnotation.NewTest -->
