<?xml version="1.0" encoding="UTF-8"?>
<!-- Generated by org.testng.reporters.JUnitReportReporter -->
<testsuite hostname="DESKTOP-Q1T02RD" failures="0" tests="1" name="qsp18.testngpack.TNG02sumo" time="0.002" errors="0" timestamp="2022-06-04T08:50:16 IST" skipped="0">
  <testcase classname="qsp18.testngpack.TNG02sumo" name="methodC" time="0.002"/>
  <system-out>
    <![CDATA[M3]]>
  </system-out>
</testsuite> <!-- qsp18.testngpack.TNG02sumo -->
