<?xml version="1.0" encoding="UTF-8"?>
<!-- Generated by org.testng.reporters.JUnitReportReporter -->
<testsuite hostname="DESKTOP-Q1T02RD" failures="0" tests="2" name="qsp18.testngpack.TNG01demo" time="0.031" errors="0" timestamp="2022-06-04T08:50:17 IST" skipped="0">
  <testcase classname="qsp18.testngpack.TNG01demo" name="methodA" time="0.028"/>
  <system-out/>
  <testcase classname="qsp18.testngpack.TNG01demo" name="methodB" time="0.003"/>
  <system-out>
    <![CDATA[M2]]>
  </system-out>
</testsuite> <!-- qsp18.testngpack.TNG01demo -->
