<?xml version="1.0" encoding="UTF-8"?>
<!-- Generated by org.testng.reporters.JUnitReportReporter -->
<testsuite hostname="DESKTOP-Q1T02RD" failures="0" tests="2" name="qsp18.testngpack.Flag07Groups" time="0.024" errors="0" timestamp="2022-06-06T09:22:56 IST" skipped="0">
  <testcase classname="qsp18.testngpack.Flag07Groups" name="it1" time="0.021"/>
  <system-out>
    <![CDATA[it1]]>
  </system-out>
  <testcase classname="qsp18.testngpack.Flag07Groups" name="it2" time="0.003"/>
  <system-out>
    <![CDATA[it2]]>
  </system-out>
</testsuite> <!-- qsp18.testngpack.Flag07Groups -->
