<?xml version="1.0" encoding="UTF-8"?>
<!-- Generated by org.testng.reporters.JUnitReportReporter -->
<testsuite hostname="DESKTOP-Q1T02RD" failures="0" tests="3" name="testngDataprovider.TestValidLogin" time="35.819" errors="0" timestamp="2022-06-12T16:42:28 IST" skipped="0">
  <testcase classname="testngDataprovider.TestValidLogin" name="search1" time="16.243"/>
  <system-out/>
  <testcase classname="testngDataprovider.TestValidLogin" name="search2" time="9.605"/>
  <system-out/>
  <testcase classname="testngDataprovider.TestValidLogin" name="search3" time="9.971"/>
  <system-out/>
</testsuite> <!-- testngDataprovider.TestValidLogin -->
